Number: 4, Country: US
Number: 4, Country: US
Number: 4, Country: US
Number: 4, Country: US
Number: 4, Country: US
Number: 4, Country: US
Number: 4, Country: US
Number: 4, Country: US
Number: 4, Country: US
Number: 4, Country: US
Number: 4, Country: US
Number: 4, Country: US
Number: 4, Country: US
Number: 4, Country: US
Number: 4, Country: US
Number: 4, Country: US
Number: 4, Country: US
Number: 4, Country: US
Number: 4, Country: US
Number: 4, Country: US
Number: 4, Country: US
Number: 4, Country: US
Number: 4, Country: US
Number: 4, Country: US
Number: 4, Country: US
Number: 4, Country: US
Number: 4, Country: US
Number: 4, Country: US
Number: 4, Country: US
Number: 4, Country: US
Number: 4, Country: US
Number: 4, Country: US
Number: 4, Country: US
Number: 4, Country: US
Number: 4, Country: US
Number: 4, Country: US
Number: 4, Country: US
Number: 4, Country: US
Number: 4, Country: US
Number: 4, Country: US
Number: 4, Country: US
Number: 4, Country: US
Number: 4, Country: US
Number: 4, Country: US
Number: 4, Country: US
Number: 4, Country: US
Number: 4, Country: US
Number: 4, Country: US
Number: 4, Country: US
Number: 4, Country: US
Number: 4, Country: US
Number: 4, Country: US
Number: 4, Country: US
Number: 4, Country: US
Number: 4, Country: US
Number: 4, Country: US
Number: 4, Country: US
Number: 4, Country: US
Number: 4, Country: US
Number: 4, Country: US
Number: 4, Country: IT
Number: 4, Country: US
Number: 4, Country: IT
Number: 4, Country: US
Number: 4, Country: IT
Number: 4, Country: IT
Number: 4, Country: IT
Number: 4, Country: IT
Number: 4, Country: IT
Number: 4, Country: IT
Number: 4, Country: IT
Number: 4, Country: IT
Number: 4, Country: IT
Number: 4, Country: IT
Number: 4, Country: IT
Number: 4, Country: IT
Number: 4, Country: IT
Number: 4, Country: IT
Number: 4, Country: IT
Number: 4, Country: IT
Number: 4, Country: IT
Number: 4, Country: IT
Number: 4, Country: IT
Number: 4, Country: IT
Number: 4, Country: IT
Number: 4, Country: IT
Number: 4, Country: IT
Number: 4, Country: IT
Number: 4, Country: IT
Number: 4, Country: IT
Number: 4, Country: IT
Number: 4, Country: IT
Number: 4, Country: IT
Number: 4, Country: IT
Number: 4, Country: IT
Number: 4, Country: US
Number: 4, Country: IT
Number: 4, Country: IT
Number: 4, Country: IT
Number: 4, Country: IT
Number: 4, Country: IT
Number: 4, Country: US
Number: 4, Country: IT
Number: 4, Country: IT
Number: 4, Country: US
Number: 4, Country: US
Number: 4, Country: US
Number: 4, Country: US
Number: 4, Country: IT
Number: 4, Country: US
Number: 4, Country: US
Number: 4, Country: US
Number: 4, Country: CA
Number: 4, Country: US
Number: 4, Country: US
Number: 4, Country: US
Number: 3, Country: US
Number: 3, Country: US
Number: 3, Country: US
Number: 3, Country: CA
Number: 3, Country: US
Number: 3, Country: US
Number: 3, Country: US
Number: 3, Country: US
Number: 3, Country: US
Number: 3, Country: US
Number: 4, Country: US
Number: 3, Country: US
Number: 3, Country: US
Number: 3, Country: US
Number: 3, Country: US
Number: 3, Country: US
Number: 3, Country: US
Number: 3, Country: US
Number: 3, Country: US
Number: 3, Country: US
Number: 3, Country: US
Number: 1, Country: US
Number: 3, Country: US
Number: 1, Country: US
Number: 3, Country: US
Number: 3, Country: US
Number: 3, Country: US
Number: 3, Country: US
Number: 3, Country: US
Number: 3, Country: US
Number: 3, Country: US
Number: 3, Country: US
Number: 3, Country: IT
Number: 1, Country: IT
Number: 3, Country: IT
Number: 1, Country: IT
Number: 3, Country: IT
Number: 1, Country: IT
Number: 3, Country: IT
Number: 3, Country: IT
Number: 3, Country: IT
Number: 3, Country: IT
Number: 3, Country: IT
Number: 3, Country: IT
Number: 3, Country: IT
Number: 3, Country: IT
Number: 3, Country: IT
Number: 3, Country: IT
Number: 3, Country: IT
Number: 3, Country: IT
Number: 3, Country: IT
Number: 3, Country: IT
Number: 3, Country: IT
Number: 3, Country: IT
Number: 3, Country: IT
Number: 3, Country: IT
Number: 3, Country: IT
Number: 3, Country: IT
Number: 3, Country: IT
Number: 3, Country: US
Number: 3, Country: US
Number: 3, Country: US
Number: 3, Country: US
Number: 3, Country: IT
Number: 3, Country: IT
Number: 3, Country: US
Number: 3, Country: US
Number: 3, Country: US
Number: 3, Country: US
Number: 3, Country: US
Number: 3, Country: US
Number: 1, Country: GB
Number: 1, Country: GB
Number: 3, Country: US
Number: 3, Country: US
Number: 3, Country: US
Number: 3, Country: US
Number: 1, Country: US
Number: 3, Country: US
Number: 1, Country: US
Number: 3, Country: US
Number: 1, Country: US
Number: 3, Country: US
Number: 3, Country: US
Number: 3, Country: US
Number: 3, Country: US
Number: 1, Country: US
Number: 3, Country: US
Number: 3, Country: US
Number: 3, Country: US
Number: 3, Country: US
Number: 3, Country: US
Number: 3, Country: US
Number: 3, Country: US
Number: 3, Country: US
Number: 3, Country: US
Number: 3, Country: US
Number: 3, Country: US
Number: 3, Country: US
Number: 3, Country: US
Number: 3, Country: US
Number: 3, Country: US
Number: 3, Country: US
Number: 3, Country: US
Number: 3, Country: US
Number: 3, Country: US
Number: 3, Country: US
Number: 3, Country: US
Number: 3, Country: US
Number: 3, Country: US
Number: 3, Country: US
Number: 3, Country: US
Number: 3, Country: US
Number: 3, Country: US
Number: 3, Country: US
Number: 3, Country: US
Number: 3, Country: US
Number: 3, Country: US
Number: 3, Country: US
Number: 3, Country: US
Number: 3, Country: US
Number: 3, Country: US
Number: 3, Country: US
Number: 3, Country: US
Number: 3, Country: US
Number: 3, Country: US
Number: 3, Country: US
Number: 3, Country: US
Number: 3, Country: US
Number: 3, Country: US
Number: 3, Country: US
Number: 3, Country: US
Number: 3, Country: US
Number: 3, Country: US
Number: 3, Country: US
Number: 3, Country: US
Number: 3, Country: US
Number: 3, Country: US
Number: 3, Country: US
Number: 3, Country: US
Number: 3, Country: US
Number: 3, Country: US
Number: 3, Country: US
Number: 3, Country: US
Number: 3, Country: US
Number: 3, Country: US
Number: 3, Country: US
Number: 1, Country: US
Number: 3, Country: US
Number: 3, Country: US
Number: 3, Country: US
Number: 3, Country: US
Number: 3, Country: US
Number: 3, Country: US
Number: 3, Country: US
Number: 3, Country: US
Number: 3, Country: US
Number: 3, Country: US
Number: 3, Country: US
Number: 3, Country: US
Number: 3, Country: US
Number: 3, Country: US
Number: 3, Country: US
Number: 3, Country: US
Number: 3, Country: US
Number: 3, Country: IT
Number: 3, Country: IT
Number: 3, Country: IT
Number: 3, Country: IT
Number: 3, Country: IT
Number: 3, Country: IT
Number: 3, Country: US
Number: 3, Country: US
Number: 3, Country: US
Number: 3, Country: US
Number: 3, Country: US
Number: 3, Country: US
Number: 3, Country: US
Number: 3, Country: IT
Number: 3, Country: US
Number: 3, Country: US
Number: 3, Country: US
Number: 3, Country: US
Number: 3, Country: US
Number: 3, Country: US
Number: 3, Country: US
Number: 3, Country: US
Number: 3, Country: US
Number: 3, Country: US
Number: 3, Country: US
Number: 1, Country: US
Number: 3, Country: US
Number: 3, Country: US
Number: 3, Country: US
Number: 3, Country: US
Number: 3, Country: US
Number: 3, Country: US
Number: 3, Country: US
Number: 3, Country: US
Number: 3, Country: US
Number: 3, Country: IT
Number: 3, Country: AU
Number: 3, Country: AU
Number: 3, Country: US
Number: 3, Country: US
Number: 3, Country: US
Number: 3, Country: US
Number: 3, Country: US
Number: 3, Country: US
Number: 3, Country: US
Number: 3, Country: US
Number: 3, Country: US
Number: 3, Country: US
Number: 3, Country: US
Number: 3, Country: AU
Number: 3, Country: US
Number: 3, Country: US
Number: 3, Country: US
Number: 1, Country: US
Number: 1, Country: US
Number: 1, Country: US
Number: 3, Country: AU
Number: 3, Country: US
Number: 3, Country: US
Number: 3, Country: US
Number: 3, Country: US
Number: 3, Country: US
Number: 3, Country: US
Number: 3, Country: US
Number: 3, Country: US
Number: 3, Country: US
Number: 3, Country: AU
Number: 3, Country: US
Number: 3, Country: AU
Number: 3, Country: AU
Number: 3, Country: AU
Number: 3, Country: AU
Number: 3, Country: AU
Number: 3, Country: US
Number: 3, Country: US
Number: 1, Country: US
Number: 3, Country: US
Number: 1, Country: US
Number: 1, Country: US
Number: 3, Country: US
Number: 1, Country: US
Number: 1, Country: US
Number: 1, Country: US
Number: 3, Country: AU
Number: 1, Country: AU
Number: 3, Country: AU
Number: 3, Country: AU
Number: 1, Country: AU
Number: 1, Country: AU
Number: 3, Country: AU
Number: 3, Country: AU
Number: 1, Country: AU
Number: 3, Country: AU
Number: 1, Country: AU
Number: 1, Country: US
Number: 1, Country: US
Number: 1, Country: US
Number: 3, Country: AU
Number: 3, Country: AU
Number: 3, Country: IT
Number: 3, Country: AU
Number: 3, Country: US
Number: 3, Country: IT
Number: 3, Country: AU
Number: 3, Country: AU
Number: 3, Country: US
Number: 3, Country: US
Number: 3, Country: US
Number: 3, Country: US
Number: 1, Country: US
Number: 1, Country: US
Number: 3, Country: US
Number: 1, Country: US
Number: 1, Country: US
Number: 1, Country: US
Number: 1, Country: US
Number: 1, Country: US
Number: 3, Country: US
Number: 1, Country: US
Number: 1, Country: US
Number: 1, Country: US
Number: 1, Country: US
Number: 1, Country: US
Number: 3, Country: US
Number: 1, Country: US
Number: 3, Country: US
Number: 1, Country: US
Number: 3, Country: US
Number: 1, Country: US
Number: 1, Country: US
Number: 3, Country: US
Number: 1, Country: US
Number: 1, Country: US
Number: 3, Country: US
Number: 1, Country: US
Number: 3, Country: US
Number: 3, Country: US
Number: 1, Country: US
Number: 1, Country: US
Number: 1, Country: US
Number: 1, Country: US
Number: 3, Country: US
Number: 1, Country: US
Number: 1, Country: US
Number: 1, Country: US
Number: 1, Country: US
Number: 3, Country: US
Number: 3, Country: US
Number: 3, Country: US
Number: 1, Country: US
Number: 1, Country: US
Number: 1, Country: US
Number: 1, Country: US
Number: 1, Country: US
Number: 1, Country: US
Number: 1, Country: US
Number: 3, Country: US
Number: 1, Country: US
Number: 1, Country: US
Number: 1, Country: US
Number: 3, Country: US
Number: 1, Country: US
Number: 3, Country: US
Number: 1, Country: US
Number: 1, Country: US
Number: 1, Country: US
Number: 3, Country: US
Number: 1, Country: US
Number: 3, Country: US
Number: 1, Country: US
Number: 1, Country: US
Number: 1, Country: US
Number: 1, Country: US
Number: 1, Country: US
Number: 1, Country: US
Number: 1, Country: US
Number: 3, Country: US
Number: 3, Country: US
Number: 1, Country: US
Number: 3, Country: US
Number: 3, Country: US
Number: 3, Country: US
Number: 3, Country: US
Number: 3, Country: US
Number: 3, Country: US
Number: 3, Country: US
Number: 3, Country: US
Number: 3, Country: US
Number: 3, Country: US
Number: 3, Country: US
Number: 3, Country: US
Number: 3, Country: US
Number: 3, Country: US
Number: 3, Country: IT
Number: 3, Country: US
Number: 3, Country: US
Number: 3, Country: US
Number: 3, Country: US
Number: 3, Country: US
Number: 1, Country: US
Number: 1, Country: US
Number: 1, Country: US
Number: 1, Country: US
Number: 1, Country: US
Number: 1, Country: US
Number: 1, Country: US
Number: 1, Country: US
Number: 1, Country: US
Number: 1, Country: US
Number: 1, Country: US
Number: 1, Country: US
Number: 1, Country: US
Number: 1, Country: US
Number: 1, Country: US
Number: 1, Country: US
Number: 3, Country: US
Number: 1, Country: US
Number: 1, Country: US
Number: 1, Country: US
Number: 3, Country: US
Number: 3, Country: US
Number: 3, Country: US
Number: 3, Country: US
Number: 3, Country: US
Number: 1, Country: US
Number: 3, Country: US
Number: 1, Country: US
Number: 3, Country: US
Number: 3, Country: US
Number: 3, Country: US
Number: 3, Country: US
Number: 3, Country: US
Number: 3, Country: CA
Number: 3, Country: DE
Number: 3, Country: DE
Number: 3, Country: IT
Number: 3, Country: IT
Number: 3, Country: US
Number: 3, Country: US
Number: 3, Country: US
Number: 3, Country: US
Number: 3, Country: US
Number: 1, Country: US
Number: 3, Country: US
Number: 3, Country: US
Number: 3, Country: US
Number: 3, Country: US
Number: 3, Country: US
Number: 3, Country: US
Number: 3, Country: US
Number: 3, Country: US
Number: 3, Country: US
Number: 3, Country: US
Number: 3, Country: US
Number: 3, Country: US
Number: 3, Country: US
Number: 3, Country: US
Number: 3, Country: US
Number: 3, Country: IT
Number: 3, Country: US
